#! /c/Source/iverilog-install/bin/vvp
:ivl_version "12.0 (devel)" "(s20150603-1539-g2693dd32b)";
:ivl_delay_selection "TYPICAL";
:vpi_time_precision + 0;
:vpi_module "C:\iverilog\lib\ivl\system.vpi";
:vpi_module "C:\iverilog\lib\ivl\vhdl_sys.vpi";
:vpi_module "C:\iverilog\lib\ivl\vhdl_textio.vpi";
:vpi_module "C:\iverilog\lib\ivl\v2005_math.vpi";
:vpi_module "C:\iverilog\lib\ivl\va_math.vpi";
S_0000025782b65930 .scope module, "reg4_tb" "reg4_tb" 2 1;
 .timescale 0 0;
v0000025782b62bd0_0 .var "clk", 0 0;
v0000025782b62c70_0 .var "d", 3 0;
v0000025782b638f0_0 .net "q", 3 0, v0000025782b62ef0_0;  1 drivers
S_0000025782b65ac0 .scope module, "uut" "reg4" 2 6, 3 1 0, S_0000025782b65930;
 .timescale 0 0;
    .port_info 0 /INPUT 1 "clk";
    .port_info 1 /INPUT 4 "d";
    .port_info 2 /OUTPUT 4 "q";
v0000025782b16a00_0 .net "clk", 0 0, v0000025782b62bd0_0;  1 drivers
v0000025782b63ad0_0 .net "d", 3 0, v0000025782b62c70_0;  1 drivers
v0000025782b62ef0_0 .var "q", 3 0;
E_0000025782b1c4b0 .event posedge, v0000025782b16a00_0;
    .scope S_0000025782b65ac0;
T_0 ;
    %wait E_0000025782b1c4b0;
    %load/vec4 v0000025782b63ad0_0;
    %assign/vec4 v0000025782b62ef0_0, 0;
    %jmp T_0;
    .thread T_0;
    .scope S_0000025782b65930;
T_1 ;
    %delay 5, 0;
    %load/vec4 v0000025782b62bd0_0;
    %inv;
    %store/vec4 v0000025782b62bd0_0, 0, 1;
    %jmp T_1;
    .thread T_1;
    .scope S_0000025782b65930;
T_2 ;
    %pushi/vec4 0, 0, 1;
    %store/vec4 v0000025782b62bd0_0, 0, 1;
    %pushi/vec4 0, 0, 4;
    %store/vec4 v0000025782b62c70_0, 0, 4;
    %delay 12, 0;
    %pushi/vec4 1, 0, 4;
    %store/vec4 v0000025782b62c70_0, 0, 4;
    %delay 10, 0;
    %pushi/vec4 10, 0, 4;
    %store/vec4 v0000025782b62c70_0, 0, 4;
    %delay 10, 0;
    %pushi/vec4 15, 0, 4;
    %store/vec4 v0000025782b62c70_0, 0, 4;
    %delay 10, 0;
    %pushi/vec4 5, 0, 4;
    %store/vec4 v0000025782b62c70_0, 0, 4;
    %delay 20, 0;
    %vpi_call 2 21 "$finish" {0 0 0};
    %end;
    .thread T_2;
# The file index is used to find the file name in the following table.
:file_names 4;
    "N/A";
    "<interactive>";
    "reg4_tb.v";
    "reg4.v";
